This is e-pTeX, Version 3.14159265-p3.5-130605-2.6 (utf8.euc) (TeX Live 2015/dev/Debian) (preloaded format=platex 2015.11.16)  12 DEC 2016 12:02
entering extended mode
 restricted \write18 enabled.
 %&-line parsing enabled.
**j12423.tex
(./j12423.tex
pLaTeX2e <2006/11/10> (based on LaTeX2e <2014/05/01> patch level 0)
Babel <3.9l> and hyphenation patterns for 11 languages loaded.
(/usr/share/texlive/texmf-dist/tex/platex/base/jarticle.cls
Document Class: jarticle 2006/06/27 v1.6 Standard pLaTeX class
\c@@paper=\count81
(/usr/share/texlive/texmf-dist/tex/platex/base/jsize10.clo
File: jsize10.clo 2006/06/27 v1.6 Standard pLaTeX file (size option)
)
\c@part=\count82
\c@section=\count83
\c@subsection=\count84
\c@subsubsection=\count85
\c@paragraph=\count86
\c@subparagraph=\count87
\c@figure=\count88
\c@table=\count89
\abovecaptionskip=\skip41
\belowcaptionskip=\skip42
\symmincho=\mathgroup4
LaTeX Font Info:    Overwriting symbol font `mincho' in version `bold'
(Font)                  JY1/mc/m/n --> JY1/gt/m/n on input line 601.
\toclineskip=\dimen118
\@lnumwidth=\dimen119
\bibindent=\dimen120
\heisei=\count90
) (./proceeding.sty
(/usr/share/texlive/texmf-dist/tex/latex/tools/indentfirst.sty
Package: indentfirst 1995/11/23 v1.03 Indent first paragraph (DPC)
)
(/usr/share/texlive/texmf-dist/tex/latex/cite/cite.sty
LaTeX Info: Redefining \cite on input line 302.
LaTeX Info: Redefining \nocite on input line 373.
Package: cite 2010/09/10  v 5.3
)
(/usr/share/texlive/texmf-dist/tex/latex/graphics/graphicx.sty
Package: graphicx 2014/04/25 v1.0g Enhanced LaTeX Graphics (DPC,SPQR)

(/usr/share/texlive/texmf-dist/tex/latex/graphics/keyval.sty
Package: keyval 2014/05/08 v1.15 key=value parser (DPC)
\KV@toks@=\toks15
)
(/usr/share/texlive/texmf-dist/tex/latex/graphics/graphics.sty
Package: graphics 2009/02/05 v1.0o Standard LaTeX Graphics (DPC,SPQR)

(/usr/share/texlive/texmf-dist/tex/latex/graphics/trig.sty
Package: trig 1999/03/16 v1.09 sin cos tan (DPC)
)
(/usr/share/texlive/texmf-dist/tex/latex/latexconfig/graphics.cfg
File: graphics.cfg 2010/04/23 v1.9 graphics configuration of TeX Live
)
Package graphics Info: Driver file: dvips.def on input line 91.

(/usr/share/texlive/texmf-dist/tex/latex/graphics/dvips.def
File: dvips.def 2014/04/23 v3.0j Driver-dependant file (DPC,SPQR)
))
\Gin@req@height=\dimen121
\Gin@req@width=\dimen122
))
(/usr/share/texlive/texmf-dist/tex/latex/url/url.sty
\Urlmuskip=\muskip10
Package: url 2013/09/16  ver 3.4  Verb mode for urls, etc.
) (./j12423.aux)
\openout1 = `j12423.aux'.

LaTeX Font Info:    Checking defaults for OML/cmm/m/it on input line 22.
LaTeX Font Info:    ... okay on input line 22.
LaTeX Font Info:    Checking defaults for T1/cmr/m/n on input line 22.
LaTeX Font Info:    ... okay on input line 22.
LaTeX Font Info:    Checking defaults for OT1/cmr/m/n on input line 22.
LaTeX Font Info:    ... okay on input line 22.
LaTeX Font Info:    Checking defaults for OMS/cmsy/m/n on input line 22.
LaTeX Font Info:    ... okay on input line 22.
LaTeX Font Info:    Checking defaults for OMX/cmex/m/n on input line 22.
LaTeX Font Info:    ... okay on input line 22.
LaTeX Font Info:    Checking defaults for U/cmr/m/n on input line 22.
LaTeX Font Info:    ... okay on input line 22.
LaTeX Font Info:    Checking defaults for JY1/mc/m/n on input line 22.
LaTeX Font Info:    ... okay on input line 22.
LaTeX Font Info:    Checking defaults for JT1/mc/m/n on input line 22.
LaTeX Font Info:    ... okay on input line 22.
LaTeX Font Info:    Font shape `JT1/mc/bx/n' in size <14.4> not available
(Font)              Font shape `JT1/gt/m/n' tried instead on input line 29.
LaTeX Font Info:    Font shape `JY1/mc/bx/n' in size <14.4> not available
(Font)              Font shape `JY1/gt/m/n' tried instead on input line 29.
LaTeX Font Info:    Font shape `JT1/mc/bx/n' in size <12> not available
(Font)              Font shape `JT1/gt/m/n' tried instead on input line 31.
LaTeX Font Info:    Font shape `JY1/mc/bx/n' in size <12> not available
(Font)              Font shape `JY1/gt/m/n' tried instead on input line 31.

Underfull \hbox (badness 10000) in paragraph at lines 53--55
[]\JY1/mc/m/n/10 下坂　正倫\OT1/cmr/m/n/10 ,\JY1/mc/m/n/10 後迫　弘明\OT1/cmr/m
/n/10 ,\JY1/mc/m/n/10 森　　武俊\OT1/cmr/m/n/10 ,\JY1/mc/m/n/10 野口　博史\OT1/
cmr/m/n/10 ,\JY1/mc/m/n/10 佐
 []


Underfull \hbox (badness 10000) in paragraph at lines 53--55
\JY1/mc/m/n/10 トワークの構築\OT1/cmr/m/n/10 '',\JY1/mc/m/n/10 ロボテ ィ クス 
・ メカトロニクス
 []

LaTeX Font Info:    External font `cmex10' loaded for size
(Font)              <7> on input line 55.
LaTeX Font Info:    External font `cmex10' loaded for size
(Font)              <5> on input line 55.

Underfull \hbox (badness 10000) in paragraph at lines 55--56
[]\JY1/mc/m/n/10 飯野　穣\OT1/cmr/m/n/10 ,\JY1/mc/m/n/10 畑中　健志\OT1/cmr/m/n
/10 ,\JY1/mc/m/n/10 藤田　政之 \OT1/cmr/m/n/10 ``\JY1/mc/m/n/10 センサ
 []


Underfull \hbox (badness 10000) in paragraph at lines 55--56
\JY1/mc/m/n/10 ネ ッ トワークと制御理論\OT1/cmr/m/n/10 '',\JY1/mc/m/n/10 計測自
動制御学
 []


Underfull \hbox (badness 10000) in paragraph at lines 55--56
\JY1/mc/m/n/10 会\OT1/cmr/m/n/10 ,$\OT1/cmtt/m/n/10 http : / / www . fl . ctrl 
. titech . ac . jp / paper /
 []

[1


] (./j12423.aux) ) 
Here is how much of TeX's memory you used:
 764 strings out of 494934
 9216 string characters out of 6180148
 64510 words of memory out of 5000000
 4165 multiletter control sequences out of 15000+600000
 9825 words of font info for 40 fonts, out of 8000000 for 9000
 264 hyphenation exceptions out of 8191
 32i,4n,23p,332b,312s stack positions out of 5000i,500n,10000p,200000b,80000s

Output written on j12423.dvi (1 page, 4640 bytes).
