This is e-pTeX, Version 3.1415926-p3.3-110825-2.4 (utf8.euc) (TeX Live 2012/Debian) (format=platex 2014.7.29)  19 DEC 2016 10:49
entering extended mode
 restricted \write18 enabled.
 %&-line parsing enabled.
**proceeding.tex
(./proceeding.tex
pLaTeX2e <2006/11/10> (based on LaTeX2e <2011/06/27> patch level 0)
Babel <v3.8m> and hyphenation patterns for english, dumylang, nohyphenation, pi
nyin, thai, loaded.
(/usr/share/texlive/texmf-dist/tex/platex/base/jarticle.cls
Document Class: jarticle 2006/06/27 v1.6 Standard pLaTeX class
\c@@paper=\count81
(/usr/share/texlive/texmf-dist/tex/platex/base/jsize10.clo
File: jsize10.clo 2006/06/27 v1.6 Standard pLaTeX file (size option)
)
\c@part=\count82
\c@section=\count83
\c@subsection=\count84
\c@subsubsection=\count85
\c@paragraph=\count86
\c@subparagraph=\count87
\c@figure=\count88
\c@table=\count89
\abovecaptionskip=\skip41
\belowcaptionskip=\skip42
\symmincho=\mathgroup4
LaTeX Font Info:    Overwriting symbol font `mincho' in version `bold'
(Font)                  JY1/mc/m/n --> JY1/gt/m/n on input line 601.
\toclineskip=\dimen118
\@lnumwidth=\dimen119
\bibindent=\dimen120
\heisei=\count90
) (./proceeding.sty
(/usr/share/texlive/texmf-dist/tex/latex/tools/indentfirst.sty
Package: indentfirst 1995/11/23 v1.03 Indent first paragraph (DPC)
)
(./2013-doc/tex/cite.sty
LaTeX Info: Redefining \cite on input line 302.
LaTeX Info: Redefining \nocite on input line 373.
Package: cite 2010/09/10  v 5.3
)
(/usr/share/texlive/texmf-dist/tex/latex/graphics/graphicx.sty
Package: graphicx 1999/02/16 v1.0f Enhanced LaTeX Graphics (DPC,SPQR)

(/usr/share/texlive/texmf-dist/tex/latex/graphics/keyval.sty
Package: keyval 1999/03/16 v1.13 key=value parser (DPC)
\KV@toks@=\toks15
)
(/usr/share/texlive/texmf-dist/tex/latex/graphics/graphics.sty
Package: graphics 2009/02/05 v1.0o Standard LaTeX Graphics (DPC,SPQR)

(/usr/share/texlive/texmf-dist/tex/latex/graphics/trig.sty
Package: trig 1999/03/16 v1.09 sin cos tan (DPC)
)
(/usr/share/texlive/texmf-dist/tex/latex/latexconfig/graphics.cfg
File: graphics.cfg 2010/04/23 v1.9 graphics configuration of TeX Live
)
Package graphics Info: Driver file: dvips.def on input line 91.

(/usr/share/texlive/texmf-dist/tex/latex/graphics/dvips.def
File: dvips.def 1999/02/16 v3.0i Driver-dependant file (DPC,SPQR)
))
\Gin@req@height=\dimen121
\Gin@req@width=\dimen122
))
(./2014-doc/proceeding_20121005/0_LaTeX/proceeding.aux

! LaTeX Error: Missing \begin{document}.

See the LaTeX manual or LaTeX Companion for explanation.
Type  H <return>  for immediate help.
 ...                                              
                                                  
l.14 ...orespaces ^^90}^^82^^cc^^83e^^83X^^83g}}{1
                                                  }}
? q
OK, entering \batchmode...
! Extra }, or forgotten \endgroup.
l.14 ...espaces ^^90}^^82^^cc^^83e^^83X^^83g}}{1}}
                                                  
I've deleted a group-closing symbol because it seems to be
spurious, as in `$x}$'. But perhaps the } is legitimate and
you forgot something else, as in `\hbox{$x}'. In such cases
the way to recover is to insert both the forgotten and the
deleted material, e.g., by typing `I$}'.

)
\openout1 = `proceeding.aux'.

LaTeX Font Info:    Checking defaults for OML/cmm/m/it on input line 21.
LaTeX Font Info:    ... okay on input line 21.
LaTeX Font Info:    Checking defaults for T1/cmr/m/n on input line 21.
LaTeX Font Info:    ... okay on input line 21.
LaTeX Font Info:    Checking defaults for OT1/cmr/m/n on input line 21.
LaTeX Font Info:    ... okay on input line 21.
LaTeX Font Info:    Checking defaults for OMS/cmsy/m/n on input line 21.
LaTeX Font Info:    ... okay on input line 21.
LaTeX Font Info:    Checking defaults for OMX/cmex/m/n on input line 21.
LaTeX Font Info:    ... okay on input line 21.
LaTeX Font Info:    Checking defaults for U/cmr/m/n on input line 21.
LaTeX Font Info:    ... okay on input line 21.
LaTeX Font Info:    Checking defaults for JY1/mc/m/n on input line 21.
LaTeX Font Info:    ... okay on input line 21.
LaTeX Font Info:    Checking defaults for JT1/mc/m/n on input line 21.
LaTeX Font Info:    ... okay on input line 21.
 [1


]
LaTeX Font Info:    Font shape `JT1/mc/bx/n' in size <14.4> not available
(Font)              Font shape `JT1/gt/m/n' tried instead on input line 28.
LaTeX Font Info:    Font shape `JY1/mc/bx/n' in size <14.4> not available
(Font)              Font shape `JY1/gt/m/n' tried instead on input line 28.
LaTeX Font Info:    Font shape `JT1/mc/bx/n' in size <12> not available
(Font)              Font shape `JT1/gt/m/n' tried instead on input line 32.
LaTeX Font Info:    Font shape `JY1/mc/bx/n' in size <12> not available
(Font)              Font shape `JY1/gt/m/n' tried instead on input line 32.
LaTeX Font Info:    External font `cmex10' loaded for size
(Font)              <7> on input line 59.
LaTeX Font Info:    External font `cmex10' loaded for size
(Font)              <5> on input line 59.
File: test.eps Graphic file (type eps)
 <test.eps>
LaTeX Font Info:    Font shape `JT1/mc/bx/n' in size <10> not available
(Font)              Font shape `JT1/gt/m/n' tried instead on input line 92.
LaTeX Font Info:    Font shape `JY1/mc/bx/n' in size <10> not available
(Font)              Font shape `JY1/gt/m/n' tried instead on input line 92.

LaTeX Warning: Reference `fig1' on page 2 undefined on input line 92.


LaTeX Warning: File `nile.eps' not found on input line 96.


! LaTeX Error: File `nile.eps' not found.

See the LaTeX manual or LaTeX Companion for explanation.
Type  H <return>  for immediate help.
 ...                                              
                                                  
l.96 \includegraphics*{nile.eps}
                                
Try typing  <return>  to proceed.
If that doesn't work, type  X <return>  to quit.


! LaTeX Error: Cannot determine size of graphic in nile.eps (no BoundingBox).

See the LaTeX manual or LaTeX Companion for explanation.
Type  H <return>  for immediate help.
 ...                                              
                                                  
l.96 \includegraphics*{nile.eps}
                                
Try typing  <return>  to proceed.
If that doesn't work, type  X <return>  to quit.

File: nile.eps Graphic file (type eps)
 <nile.eps>

LaTeX Warning: Reference `eq2' on page 2 undefined on input line 112.


LaTeX Warning: Reference `fig2' on page 2 undefined on input line 113.


LaTeX Warning: File `nile_ACF_org.eps' not found on input line 116.


! LaTeX Error: File `nile_ACF_org.eps' not found.

See the LaTeX manual or LaTeX Companion for explanation.
Type  H <return>  for immediate help.
 ...                                              
                                                  
l.116 \includegraphics*{nile_ACF_org.eps}
                                         
Try typing  <return>  to proceed.
If that doesn't work, type  X <return>  to quit.


! LaTeX Error: Cannot determine size of graphic in nile_ACF_org.eps (no Boundin
gBox).

See the LaTeX manual or LaTeX Companion for explanation.
Type  H <return>  for immediate help.
 ...                                              
                                                  
l.116 \includegraphics*{nile_ACF_org.eps}
                                         
Try typing  <return>  to proceed.
If that doesn't work, type  X <return>  to quit.

File: nile_ACF_org.eps Graphic file (type eps)
 <nile_ACF_org.eps>

LaTeX Warning: Reference `fig1' on page 2 undefined on input line 120.


LaTeX Warning: Reference `fig3' on page 2 undefined on input line 120.


LaTeX Warning: File `nile_ACF.eps' not found on input line 124.


! LaTeX Error: File `nile_ACF.eps' not found.

See the LaTeX manual or LaTeX Companion for explanation.
Type  H <return>  for immediate help.
 ...                                              
                                                  
l.124 \includegraphics*{nile_ACF.eps}
                                     
Try typing  <return>  to proceed.
If that doesn't work, type  X <return>  to quit.


! LaTeX Error: Cannot determine size of graphic in nile_ACF.eps (no BoundingBox
).

See the LaTeX manual or LaTeX Companion for explanation.
Type  H <return>  for immediate help.
 ...                                              
                                                  
l.124 \includegraphics*{nile_ACF.eps}
                                     
Try typing  <return>  to proceed.
If that doesn't work, type  X <return>  to quit.

File: nile_ACF.eps Graphic file (type eps)
 <nile_ACF.eps> [2

]

LaTeX Warning: Citation `lit:一朗' on page 3 undefined on input line 145.


LaTeX Warning: Citation `lit:太郎' on page 3 undefined on input line 145.


LaTeX Warning: Citation `lit:華子' on page 3 undefined on input line 148.


LaTeX Warning: Citation `lit:花子' on page 3 undefined on input line 148.


LaTeX Warning: Citation `lit:次郎' on page 3 undefined on input line 148.

 [3

] (./proceeding.aux)

LaTeX Warning: There were undefined references.


LaTeX Warning: Label(s) may have changed. Rerun to get cross-references right.

 ) 
Here is how much of TeX's memory you used:
 723 strings out of 495281
 8668 string characters out of 3186456
 63651 words of memory out of 3000000
 4081 multiletter control sequences out of 15000+200000
 10728 words of font info for 43 fonts, out of 3000000 for 9000
 14 hyphenation exceptions out of 8191
 32i,5n,23p,188b,291s stack positions out of 5000i,500n,10000p,200000b,50000s

Output written on proceeding.dvi (3 pages, 7248 bytes).
